  App.cpp
C:\Users\wtfman\source\repos\alagia\alagia-client\App.cpp(70,34): warning C4244: '=': conversion from 'uint64_t' to '_Ty', possible loss of data
C:\Users\wtfman\source\repos\alagia\alagia-client\App.cpp(70,34): warning C4244:         with
C:\Users\wtfman\source\repos\alagia\alagia-client\App.cpp(70,34): warning C4244:         [
C:\Users\wtfman\source\repos\alagia\alagia-client\App.cpp(70,34): warning C4244:             _Ty=uint8_t
C:\Users\wtfman\source\repos\alagia\alagia-client\App.cpp(70,34): warning C4244:         ]
C:\Users\wtfman\source\repos\alagia\alagia-client\App.cpp(75,12): warning C4244: 'argument': conversion from 'uint64_t' to 'int', possible loss of data
  Main.cpp
C:\Users\wtfman\source\repos\alagia\alagia-client\App.h(47,27): warning C4244: 'argument': conversion from 'uint64_t' to 'int', possible loss of data
  (compiling source file 'Main.cpp')
  C:\Users\wtfman\source\repos\alagia\alagia-client\App.h(47,27):
  the template instantiation context (the oldest one first) is
  	C:\Users\wtfman\source\repos\alagia\alagia-client\Main.cpp(47,40):
  	see reference to function template instantiation 'T C_Client::Receive<LoginResp_t>(void)' being compiled
          with
          [
              T=LoginResp_t
          ]
  
  Generating code
  Previous IPDB not found, fall back to full compilation.
  All 859 functions were compiled because no usable IPDB/IOBJ from previous compilation was found.
  Finished generating code
  alagia-client.vcxproj -> C:\Users\wtfman\source\repos\alagia\x64\Release\alagia-client.exe
  'pwsh.exe' is not recognized as an internal or external command,
  operable program or batch file.
